0:0:0:0:0:0:0:1 - - [14/Nov/2014:16:14:58 +0000] "GET / HTTP/1.1" 200 265 "-" "Mozilla/5.0 (Macintosh; Intel Mac OS X 10_10) AppleWebKit/600.1.25 (KHTML, like Gecko) Version/8.0 Safari/600.1.25"
0:0:0:0:0:0:0:1 - - [14/Nov/2014:16:14:58 +0000] "GET /top/ HTTP/1.1" 200 366 "http://localhost:8080/" "Mozilla/5.0 (Macintosh; Intel Mac OS X 10_10) AppleWebKit/600.1.25 (KHTML, like Gecko) Version/8.0 Safari/600.1.25"
0:0:0:0:0:0:0:1 - - [14/Nov/2014:16:14:58 +0000] "GET /menu/ HTTP/1.1" 200 567 "http://localhost:8080/" "Mozilla/5.0 (Macintosh; Intel Mac OS X 10_10) AppleWebKit/600.1.25 (KHTML, like Gecko) Version/8.0 Safari/600.1.25"
0:0:0:0:0:0:0:1 - - [14/Nov/2014:16:14:58 +0000] "GET /status/ HTTP/1.1" 200 228 "http://localhost:8080/" "Mozilla/5.0 (Macintosh; Intel Mac OS X 10_10) AppleWebKit/600.1.25 (KHTML, like Gecko) Version/8.0 Safari/600.1.25"
0:0:0:0:0:0:0:1 - - [14/Nov/2014:16:14:59 +0000] "GET /favicon.ico HTTP/1.1" 404 1137 "http://localhost:8080/" "Mozilla/5.0 (Macintosh; Intel Mac OS X 10_10) AppleWebKit/600.1.25 (KHTML, like Gecko) Version/8.0 Safari/600.1.25"
0:0:0:0:0:0:0:1 - - [14/Nov/2014:16:15:18 +0000] "GET /register/ HTTP/1.1" 200 851 "http://localhost:8080/menu/" "Mozilla/5.0 (Macintosh; Intel Mac OS X 10_10) AppleWebKit/600.1.25 (KHTML, like Gecko) Version/8.0 Safari/600.1.25"
0:0:0:0:0:0:0:1 - - [14/Nov/2014:16:15:54 +0000] "POST /register/ HTTP/1.1" 200 178 "http://localhost:8080/register/" "Mozilla/5.0 (Macintosh; Intel Mac OS X 10_10) AppleWebKit/600.1.25 (KHTML, like Gecko) Version/8.0 Safari/600.1.25"
0:0:0:0:0:0:0:1 - - [14/Nov/2014:16:32:34 +0000] "GET /games/ HTTP/1.1" 401 1112 "http://localhost:8080/menu/" "Mozilla/5.0 (Macintosh; Intel Mac OS X 10_10) AppleWebKit/600.1.25 (KHTML, like Gecko) Version/8.0 Safari/600.1.25"
0:0:0:0:0:0:0:1 - Wukong [14/Nov/2014:16:32:44 +0000] "GET /games/ HTTP/1.1" 200 823 "http://localhost:8080/menu/" "Mozilla/5.0 (Macintosh; Intel Mac OS X 10_10) AppleWebKit/600.1.25 (KHTML, like Gecko) Version/8.0 Safari/600.1.25"
0:0:0:0:0:0:0:1 - - [14/Nov/2014:16:32:49 +0000] "GET /applet/ HTTP/1.1" 401 1113 "http://localhost:8080/games/" "Mozilla/5.0 (Macintosh; Intel Mac OS X 10_10) AppleWebKit/600.1.25 (KHTML, like Gecko) Version/8.0 Safari/600.1.25"
0:0:0:0:0:0:0:1 - Wukong [14/Nov/2014:16:32:49 +0000] "GET /applet/ HTTP/1.1" 200 577 "http://localhost:8080/games/" "Mozilla/5.0 (Macintosh; Intel Mac OS X 10_10) AppleWebKit/600.1.25 (KHTML, like Gecko) Version/8.0 Safari/600.1.25"
0:0:0:0:0:0:0:1 - Wukong [14/Nov/2014:16:32:52 +0000] "GET /applet/ HTTP/1.1" 200 577 "http://localhost:8080/games/" "Mozilla/5.0 (Macintosh; Intel Mac OS X 10_10) AppleWebKit/600.1.25 (KHTML, like Gecko) Version/8.0 Safari/600.1.25"
127.0.0.1 - - [14/Nov/2014:16:32:53 +0000] "GET /code/tacapplet.jar HTTP/1.1" 200 16577 "-" "Mozilla/4.0 (Mac OS X 10.10) Java/1.8.0_25"
0:0:0:0:0:0:0:1 - Wukong [14/Nov/2014:16:33:08 +0000] "GET /applet/ HTTP/1.1" 200 577 "http://localhost:8080/applet/" "Mozilla/5.0 (Macintosh; Intel Mac OS X 10_10) AppleWebKit/600.1.25 (KHTML, like Gecko) Version/8.0 Safari/600.1.25"
127.0.0.1 - - [14/Nov/2014:16:33:08 +0000] "GET /code/tacapplet.jar HTTP/1.1" 304 0 "-" "Mozilla/4.0 (Mac OS X 10.10) Java/1.8.0_25"
0:0:0:0:0:0:0:1 - Wukong [14/Nov/2014:16:33:41 +0000] "GET /applet/ HTTP/1.1" 200 577 "http://localhost:8080/applet/" "Mozilla/5.0 (Macintosh; Intel Mac OS X 10_10) AppleWebKit/600.1.25 (KHTML, like Gecko) Version/8.0 Safari/600.1.25"
127.0.0.1 - - [14/Nov/2014:16:33:42 +0000] "GET /code/tacapplet.jar HTTP/1.1" 304 0 "-" "Mozilla/4.0 (Mac OS X 10.10) Java/1.8.0_25"
0:0:0:0:0:0:0:1 - - [14/Nov/2014:16:35:37 +0000] "GET / HTTP/1.1" 200 265 "-" "Mozilla/5.0 (Macintosh; Intel Mac OS X 10_10_0) AppleWebKit/537.36 (KHTML, like Gecko) Chrome/38.0.2125.122 Safari/537.36"
0:0:0:0:0:0:0:1 - - [14/Nov/2014:16:35:37 +0000] "GET /top/ HTTP/1.1" 200 366 "http://localhost:8080/" "Mozilla/5.0 (Macintosh; Intel Mac OS X 10_10_0) AppleWebKit/537.36 (KHTML, like Gecko) Chrome/38.0.2125.122 Safari/537.36"
0:0:0:0:0:0:0:1 - - [14/Nov/2014:16:35:37 +0000] "GET /menu/ HTTP/1.1" 200 567 "http://localhost:8080/" "Mozilla/5.0 (Macintosh; Intel Mac OS X 10_10_0) AppleWebKit/537.36 (KHTML, like Gecko) Chrome/38.0.2125.122 Safari/537.36"
0:0:0:0:0:0:0:1 - - [14/Nov/2014:16:35:37 +0000] "GET /status/ HTTP/1.1" 200 228 "http://localhost:8080/" "Mozilla/5.0 (Macintosh; Intel Mac OS X 10_10_0) AppleWebKit/537.36 (KHTML, like Gecko) Chrome/38.0.2125.122 Safari/537.36"
0:0:0:0:0:0:0:1 - - [14/Nov/2014:16:35:38 +0000] "GET /favicon.ico HTTP/1.1" 404 1137 "-" "Mozilla/5.0 (Macintosh; Intel Mac OS X 10_10_0) AppleWebKit/537.36 (KHTML, like Gecko) Chrome/38.0.2125.122 Safari/537.36"
0:0:0:0:0:0:0:1 - - [14/Nov/2014:16:35:41 +0000] "GET /games/ HTTP/1.1" 401 1112 "http://localhost:8080/menu/" "Mozilla/5.0 (Macintosh; Intel Mac OS X 10_10_0) AppleWebKit/537.36 (KHTML, like Gecko) Chrome/38.0.2125.122 Safari/537.36"
0:0:0:0:0:0:0:1 - Wukong [14/Nov/2014:16:35:59 +0000] "GET /games/ HTTP/1.1" 200 823 "http://localhost:8080/menu/" "Mozilla/5.0 (Macintosh; Intel Mac OS X 10_10_0) AppleWebKit/537.36 (KHTML, like Gecko) Chrome/38.0.2125.122 Safari/537.36"
0:0:0:0:0:0:0:1 - - [14/Nov/2014:16:36:02 +0000] "GET /applet/ HTTP/1.1" 401 1113 "http://localhost:8080/games/" "Mozilla/5.0 (Macintosh; Intel Mac OS X 10_10_0) AppleWebKit/537.36 (KHTML, like Gecko) Chrome/38.0.2125.122 Safari/537.36"
0:0:0:0:0:0:0:1 - Wukong [14/Nov/2014:16:36:02 +0000] "GET /applet/ HTTP/1.1" 200 577 "http://localhost:8080/games/" "Mozilla/5.0 (Macintosh; Intel Mac OS X 10_10_0) AppleWebKit/537.36 (KHTML, like Gecko) Chrome/38.0.2125.122 Safari/537.36"
0:0:0:0:0:0:0:1 - Wukong [14/Nov/2014:16:43:23 +0000] "GET /applet/ HTTP/1.1" 200 577 "http://localhost:8080/applet/" "Mozilla/5.0 (Macintosh; Intel Mac OS X 10_10) AppleWebKit/600.1.25 (KHTML, like Gecko) Version/8.0 Safari/600.1.25"
0:0:0:0:0:0:0:1 - Wukong [14/Nov/2014:16:43:24 +0000] "GET /applet/ HTTP/1.1" 200 577 "http://localhost:8080/applet/" "Mozilla/5.0 (Macintosh; Intel Mac OS X 10_10) AppleWebKit/600.1.25 (KHTML, like Gecko) Version/8.0 Safari/600.1.25"
0:0:0:0:0:0:0:1 - Wukong [14/Nov/2014:16:43:25 +0000] "GET /applet/ HTTP/1.1" 200 577 "http://localhost:8080/applet/" "Mozilla/5.0 (Macintosh; Intel Mac OS X 10_10) AppleWebKit/600.1.25 (KHTML, like Gecko) Version/8.0 Safari/600.1.25"
0:0:0:0:0:0:0:1 - Wukong [14/Nov/2014:16:43:26 +0000] "GET /applet/ HTTP/1.1" 200 577 "http://localhost:8080/applet/" "Mozilla/5.0 (Macintosh; Intel Mac OS X 10_10) AppleWebKit/600.1.25 (KHTML, like Gecko) Version/8.0 Safari/600.1.25"
0:0:0:0:0:0:0:1 - Wukong [14/Nov/2014:16:43:26 +0000] "GET /applet/ HTTP/1.1" 200 577 "http://localhost:8080/applet/" "Mozilla/5.0 (Macintosh; Intel Mac OS X 10_10) AppleWebKit/600.1.25 (KHTML, like Gecko) Version/8.0 Safari/600.1.25"
0:0:0:0:0:0:0:1 - Wukong [14/Nov/2014:16:43:29 +0000] "GET /applet/ HTTP/1.1" 200 577 "http://localhost:8080/applet/" "Mozilla/5.0 (Macintosh; Intel Mac OS X 10_10) AppleWebKit/600.1.25 (KHTML, like Gecko) Version/8.0 Safari/600.1.25"
127.0.0.1 - - [14/Nov/2014:16:43:29 +0000] "GET /code/tacapplet.jar HTTP/1.1" 304 0 "-" "Mozilla/4.0 (Mac OS X 10.10) Java/1.8.0_25"
0:0:0:0:0:0:0:1 - Wukong [14/Nov/2014:16:45:05 +0000] "POST /games/ HTTP/1.1" 200 1698 "http://localhost:8080/games/" "Mozilla/5.0 (Macintosh; Intel Mac OS X 10_10) AppleWebKit/600.1.25 (KHTML, like Gecko) Version/8.0 Safari/600.1.25"
0:0:0:0:0:0:0:1 - Wukong [14/Nov/2014:16:46:13 +0000] "POST /games/ HTTP/1.1" 200 1757 "http://localhost:8080/games/" "Mozilla/5.0 (Macintosh; Intel Mac OS X 10_10) AppleWebKit/600.1.25 (KHTML, like Gecko) Version/8.0 Safari/600.1.25"
0:0:0:0:0:0:0:1 - Wukong [14/Nov/2014:16:46:20 +0000] "GET /applet/ HTTP/1.1" 200 577 "http://localhost:8080/applet/" "Mozilla/5.0 (Macintosh; Intel Mac OS X 10_10) AppleWebKit/600.1.25 (KHTML, like Gecko) Version/8.0 Safari/600.1.25"
0:0:0:0:0:0:0:1 - Wukong [14/Nov/2014:16:46:20 +0000] "GET /applet/ HTTP/1.1" 200 577 "http://localhost:8080/applet/" "Mozilla/5.0 (Macintosh; Intel Mac OS X 10_10) AppleWebKit/600.1.25 (KHTML, like Gecko) Version/8.0 Safari/600.1.25"
0:0:0:0:0:0:0:1 - - [14/Nov/2014:16:46:26 +0000] "GET /score/ HTTP/1.1" 200 374 "http://localhost:8080/menu/" "Mozilla/5.0 (Macintosh; Intel Mac OS X 10_10) AppleWebKit/600.1.25 (KHTML, like Gecko) Version/8.0 Safari/600.1.25"
0:0:0:0:0:0:0:1 - - [14/Nov/2014:16:46:28 +0000] "GET /score/ HTTP/1.1" 200 374 "http://localhost:8080/menu/" "Mozilla/5.0 (Macintosh; Intel Mac OS X 10_10) AppleWebKit/600.1.25 (KHTML, like Gecko) Version/8.0 Safari/600.1.25"
0:0:0:0:0:0:0:1 - Wukong [14/Nov/2014:16:46:29 +0000] "GET /games/ HTTP/1.1" 200 1685 "http://localhost:8080/menu/" "Mozilla/5.0 (Macintosh; Intel Mac OS X 10_10) AppleWebKit/600.1.25 (KHTML, like Gecko) Version/8.0 Safari/600.1.25"
0:0:0:0:0:0:0:1 - Wukong [14/Nov/2014:16:46:31 +0000] "POST /games/ HTTP/1.1" 200 1771 "http://localhost:8080/games/" "Mozilla/5.0 (Macintosh; Intel Mac OS X 10_10) AppleWebKit/600.1.25 (KHTML, like Gecko) Version/8.0 Safari/600.1.25"
0:0:0:0:0:0:0:1 - Wukong [14/Nov/2014:16:46:33 +0000] "POST /games/ HTTP/1.1" 200 1907 "http://localhost:8080/games/" "Mozilla/5.0 (Macintosh; Intel Mac OS X 10_10) AppleWebKit/600.1.25 (KHTML, like Gecko) Version/8.0 Safari/600.1.25"
0:0:0:0:0:0:0:1 - Wukong [14/Nov/2014:16:46:34 +0000] "POST /games/ HTTP/1.1" 200 1966 "http://localhost:8080/games/" "Mozilla/5.0 (Macintosh; Intel Mac OS X 10_10) AppleWebKit/600.1.25 (KHTML, like Gecko) Version/8.0 Safari/600.1.25"
0:0:0:0:0:0:0:1 - Wukong [14/Nov/2014:16:46:40 +0000] "GET /applet/ HTTP/1.1" 200 577 "http://localhost:8080/games/" "Mozilla/5.0 (Macintosh; Intel Mac OS X 10_10) AppleWebKit/600.1.25 (KHTML, like Gecko) Version/8.0 Safari/600.1.25"
0:0:0:0:0:0:0:1 - Wukong [14/Nov/2014:16:46:52 +0000] "POST /games/ HTTP/1.1" 200 1980 "http://localhost:8080/games/" "Mozilla/5.0 (Macintosh; Intel Mac OS X 10_10) AppleWebKit/600.1.25 (KHTML, like Gecko) Version/8.0 Safari/600.1.25"
0:0:0:0:0:0:0:1 - Wukong [14/Nov/2014:16:46:54 +0000] "POST /games/ HTTP/1.1" 200 1980 "http://localhost:8080/games/" "Mozilla/5.0 (Macintosh; Intel Mac OS X 10_10) AppleWebKit/600.1.25 (KHTML, like Gecko) Version/8.0 Safari/600.1.25"
0:0:0:0:0:0:0:1 - Wukong [14/Nov/2014:16:46:54 +0000] "POST /games/ HTTP/1.1" 200 1980 "http://localhost:8080/games/" "Mozilla/5.0 (Macintosh; Intel Mac OS X 10_10) AppleWebKit/600.1.25 (KHTML, like Gecko) Version/8.0 Safari/600.1.25"
0:0:0:0:0:0:0:1 - Wukong [14/Nov/2014:16:46:58 +0000] "GET /applet/ HTTP/1.1" 200 577 "http://localhost:8080/games/" "Mozilla/5.0 (Macintosh; Intel Mac OS X 10_10) AppleWebKit/600.1.25 (KHTML, like Gecko) Version/8.0 Safari/600.1.25"
0:0:0:0:0:0:0:1 - Wukong [14/Nov/2014:16:47:02 +0000] "GET /applet/ HTTP/1.1" 200 577 "http://localhost:8080/applet/" "Mozilla/5.0 (Macintosh; Intel Mac OS X 10_10) AppleWebKit/600.1.25 (KHTML, like Gecko) Version/8.0 Safari/600.1.25"
127.0.0.1 - - [14/Nov/2014:16:47:02 +0000] "GET /code/tacapplet.jar HTTP/1.1" 304 0 "-" "Mozilla/4.0 (Mac OS X 10.10) Java/1.8.0_25"
