21/11 16:19:57 FINE is.InfoServer|Using game path: /Users/renqilei/Documents/GitHubSpace/TAC-UoS-2014-Wukong/TAC/Server/public_html/history
21/11 16:19:57 SEVERE is.InfoServer|You should register an admin user with the name 'admin'!
************************************************************
* You should register an admin user with the name 'admin'!
************************************************************


21/11 16:19:57 INFO is.AppletServer|viewer server started at *:4041
21/11 16:26:41 FINE is.AppletServer|new viewer: viewer-1
21/11 16:26:41 SEVERE is.AppletServer|could not parse command from applet se.sics.tac.line.LineConnection@7d8aa47b: GET /crossdomain.xml HTTP/1.1
java.util.NoSuchElementException
	at java.util.StringTokenizer.nextToken(StringTokenizer.java:349)
	at se.sics.tac.log.ISTokenizer.<init>(ISTokenizer.java:100)
	at se.sics.tac.is.AppletServer.handleAppletCommand(AppletServer.java:251)
	at se.sics.tac.is.AppletServer.lineRead(AppletServer.java:161)
	at se.sics.tac.line.LineConnection.doDeliver(LineConnection.java:311)
	at se.sics.tac.line.LineConnection.deliverLine(LineConnection.java:290)
	at se.sics.tac.line.LineConnection.access$1400(LineConnection.java:48)
	at se.sics.tac.line.LineConnection$LineReader.run(LineConnection.java:499)
21/11 16:26:41 SEVERE is.AppletServer|could not parse command from applet se.sics.tac.line.LineConnection@7d8aa47b: User-Agent: Mozilla/4.0 (Mac OS X 10.10.1) Java/1.8.0_25
java.util.NoSuchElementException
	at java.util.StringTokenizer.nextToken(StringTokenizer.java:349)
	at se.sics.tac.log.ISTokenizer.<init>(ISTokenizer.java:100)
	at se.sics.tac.is.AppletServer.handleAppletCommand(AppletServer.java:251)
	at se.sics.tac.is.AppletServer.lineRead(AppletServer.java:161)
	at se.sics.tac.line.LineConnection.doDeliver(LineConnection.java:311)
	at se.sics.tac.line.LineConnection.deliverLine(LineConnection.java:290)
	at se.sics.tac.line.LineConnection.access$1400(LineConnection.java:48)
	at se.sics.tac.line.LineConnection$LineReader.run(LineConnection.java:499)
21/11 16:26:41 SEVERE is.AppletServer|could not parse command from applet se.sics.tac.line.LineConnection@7d8aa47b: Host: 127.0.0.1:4041
java.util.NoSuchElementException
	at java.util.StringTokenizer.nextToken(StringTokenizer.java:349)
	at se.sics.tac.log.ISTokenizer.<init>(ISTokenizer.java:100)
	at se.sics.tac.is.AppletServer.handleAppletCommand(AppletServer.java:251)
	at se.sics.tac.is.AppletServer.lineRead(AppletServer.java:161)
	at se.sics.tac.line.LineConnection.doDeliver(LineConnection.java:311)
	at se.sics.tac.line.LineConnection.deliverLine(LineConnection.java:290)
	at se.sics.tac.line.LineConnection.access$1400(LineConnection.java:48)
	at se.sics.tac.line.LineConnection$LineReader.run(LineConnection.java:499)
21/11 16:26:41 SEVERE line.LineConnection|viewer-1: could not send 1416587202,e,could not parse command
java.net.SocketException: Broken pipe
	at java.net.SocketOutputStream.socketWrite0(Native Method)
	at java.net.SocketOutputStream.socketWrite(SocketOutputStream.java:109)
	at java.net.SocketOutputStream.write(SocketOutputStream.java:153)
	at sun.nio.cs.StreamEncoder.writeBytes(StreamEncoder.java:221)
	at sun.nio.cs.StreamEncoder.implFlushBuffer(StreamEncoder.java:291)
	at sun.nio.cs.StreamEncoder.implFlush(StreamEncoder.java:295)
	at sun.nio.cs.StreamEncoder.flush(StreamEncoder.java:141)
	at java.io.OutputStreamWriter.flush(OutputStreamWriter.java:229)
	at se.sics.tac.line.LineConnection$LineWriter.run(LineConnection.java:437)
	at com.botbox.util.PoolThread.handleJobs(PoolThread.java:218)
	at com.botbox.util.PoolThread.run(PoolThread.java:194)
21/11 16:26:41 SEVERE is.AppletServer|unknown Applet command from viewer-1: Accept: text/html, image/gif, image/jpeg, *; q=.2, */*; q=.2
21/11 16:26:41 FINE is.AppletServer|viewer viewer-1 has closed
21/11 16:26:41 FINEST line.LineConnection|viewer-1: connection closed from 127.0.0.1
21/11 16:26:41 WARNING line.LineConnection|writer for viewer-1 exiting
21/11 16:34:24 FINE is.InfoServer|new coming game 3 (gameid=-1,tacClassic)
21/11 16:35:31 FINE is.InfoServer|new coming game 4 (gameid=-1,tacClassic)
