1417191060,g,4,1417191060,1417191600,6,tacClassic,8
1417191060,v,1.0 beta 11,dhcp-161-224.wireless.soton.ac.uk
1417191060,a,Wukong,0
1417191060,a,Dummy-1,-1
1417191060,a,Dummy-2,-2
1417191060,a,Dummy-3,-3
1417191060,a,Dummy-4,-4
1417191060,a,Dummy-5,-5
1417191060,a,Dummy-6,-6
1417191060,a,Dummy-7,-7
1417191060,c,4,0,4,5,147,21,166,88,3,5,127,73,43,99,4,5,133,53,80,125,3,5,112,82,67,18,2,3,146,125,116,170,2,5,70,46,17,105,1,5,66,44,23,188,2,3,74,17,23,68
1417191060,c,4,-1,1,4,106,118,172,87,1,5,90,36,2,73,1,4,62,19,41,199,1,3,89,2,25,200,1,2,87,117,31,123,1,2,86,106,33,190,2,5,145,40,48,29,1,5,98,170,170,85
1417191060,c,4,-2,3,4,106,97,133,91,1,2,57,106,15,79,2,3,102,150,150,35,3,5,105,170,163,176,1,2,127,111,69,110,2,5,134,127,149,28,3,4,63,33,21,93,1,5,69,71,38,186
1417191060,c,4,-3,1,2,120,171,123,177,2,5,77,112,187,199,4,5,87,171,51,79,1,5,65,47,61,94,1,4,112,116,139,76,1,5,114,34,53,23,1,5,116,109,12,192,1,5,97,132,129,13
1417191060,c,4,-4,1,4,80,135,65,41,1,3,105,136,95,87,1,4,127,92,184,139,1,2,63,121,142,176,3,4,61,72,156,85,2,3,62,182,159,109,2,5,110,101,134,170,1,3,132,115,64,51
1417191060,c,4,-5,2,4,102,93,103,193,4,5,79,72,55,115,2,5,68,15,75,52,3,4,114,71,138,36,1,3,126,138,132,66,2,5,126,43,77,165,1,3,126,48,168,86,1,2,146,179,61,2
1417191060,c,4,-6,1,3,83,84,0,56,1,4,103,158,11,56,1,2,110,44,26,145,2,5,135,148,83,137,1,3,76,197,84,146,1,4,91,123,22,71,2,5,95,194,138,163,2,4,50,134,158,85
1417191060,c,4,-7,1,3,135,120,190,84,2,3,103,82,63,17,1,5,136,69,44,45,2,5,113,152,51,21,2,4,119,54,1,127,1,3,130,31,100,175,3,4,71,154,103,191,1,4,51,61,126,38
1417191060,u,29,0,1
1417191060,u,30,0,2
1417191060,u,31,0,3
1417191060,u,32,0,4
1417191060,u,33,1,2
1417191060,u,34,1,3
1417191060,u,35,1,4
1417191060,u,36,1,5
1417191060,u,37,2,1
1417191060,u,38,2,2
1417191060,u,39,2,3
1417191060,u,40,2,4
1417191060,u,41,3,1
1417191060,u,42,3,2
1417191060,u,43,3,3
1417191060,u,44,3,4
1417191060,u,45,4,1
1417191060,u,46,4,2
1417191060,u,47,4,3
1417191060,u,48,4,4
1417191060,u,49,5,1
1417191060,u,50,5,2
1417191060,u,51,5,3
1417191060,u,52,5,4
1417191060,u,53,6,1
1417191060,u,54,6,2
1417191060,u,55,6,3
1417191060,u,56,6,4
1417191060,t,0,auction,48,2,0.0000,181
1417191060,t,0,auction,50,4,0.0000,182
1417191060,t,0,auction,52,4,0.0000,183
1417191060,t,0,auction,54,2,0.0000,184
1417191060,t,-1,auction,45,4,0.0000,185
1417191060,t,-1,auction,47,2,0.0000,186
1417191060,t,-1,auction,49,2,0.0000,187
1417191060,t,-1,auction,55,4,0.0000,188
1417191060,t,-2,auction,45,4,0.0000,189
1417191060,t,-2,auction,47,2,0.0000,190
1417191060,t,-2,auction,53,2,0.0000,191
1417191060,t,-2,auction,54,4,0.0000,192
1417191060,t,-3,auction,46,2,0.0000,193
1417191060,t,-3,auction,51,4,0.0000,194
1417191060,t,-3,auction,52,4,0.0000,195
1417191060,t,-3,auction,56,2,0.0000,196
1417191060,t,-4,auction,47,4,0.0000,197
1417191060,t,-4,auction,48,2,0.0000,198
1417191060,t,-4,auction,53,4,0.0000,199
1417191060,t,-4,auction,55,2,0.0000,200
1417191060,t,-5,auction,46,2,0.0000,201
1417191060,t,-5,auction,49,2,0.0000,202
1417191060,t,-5,auction,50,4,0.0000,203
1417191060,t,-5,auction,56,4,0.0000,204
1417191060,t,-6,auction,46,4,0.0000,205
1417191060,t,-6,auction,49,4,0.0000,206
1417191060,t,-6,auction,53,2,0.0000,207
1417191060,t,-6,auction,54,2,0.0000,208
1417191060,t,-7,auction,48,4,0.0000,209
1417191060,t,-7,auction,51,4,0.0000,210
1417191060,t,-7,auction,55,2,0.0000,211
1417191060,t,-7,auction,56,2,0.0000,212
1417191060,q,29,266.0000,0.0000
1417191060,q,30,300.0000,0.0000
1417191060,q,31,364.0000,0.0000
1417191060,q,32,308.0000,0.0000
1417191060,q,33,367.0000,0.0000
1417191060,q,34,333.0000,0.0000
1417191060,q,35,358.0000,0.0000
1417191060,q,36,289.0000,0.0000
1417191060,b,926,-1,29,s,2,6,1000.0000
1417191060,t,-1,auction,29,6,266.0000,213
1417191060,b,926,-1,29,t,4
1417191060,b,927,-1,32,s,2,2,1000.0000
1417191060,t,-1,auction,32,2,308.0000,214
1417191060,b,927,-1,32,t,4
1417191060,b,928,-1,33,s,2,2,1000.0000
1417191060,t,-1,auction,33,2,367.0000,215
1417191060,b,928,-1,33,t,4
1417191060,b,929,-1,34,s,2,2,1000.0000
1417191060,t,-1,auction,34,2,333.0000,216
1417191060,b,929,-1,34,t,4
1417191060,b,930,-1,35,s,2,1,1000.0000
1417191060,t,-1,auction,35,1,358.0000,217
1417191060,b,930,-1,35,t,4
1417191060,b,931,-1,36,s,2,3,1000.0000
1417191060,t,-1,auction,36,3,289.0000,218
1417191060,b,931,-1,36,t,4
1417191060,b,932,-1,37,s,2,2,70.0000
1417191060,b,933,-1,38,s,2,2,122.0000
1417191060,b,934,-1,39,s,2,1,99.0000
1417191060,b,935,-1,40,s,2,1,88.0000
1417191060,b,936,-1,41,s,2,4,94.0000
1417191060,b,937,-1,42,s,2,2,176.0000
1417191060,b,938,-1,43,s,2,1,131.0000
1417191060,b,939,-1,44,s,2,2,117.0000
1417191060,b,940,-1,47,s,2,-2,116.7053
1417191060,q,47,116.7053,0.0000
1417191060,b,941,-1,49,s,2,-2,119.4369
1417191060,q,49,119.4369,0.0000
1417191060,b,942,-1,50,s,2,2,50.0037
1417191060,q,50,0.0000,50.0037
1417191060,b,943,-1,55,s,2,-2,180.9912
1417191060,q,55,180.9912,0.0000
1417191060,b,944,-2,29,s,2,4,1000.0000
1417191060,t,-2,auction,29,4,266.0000,219
1417191060,b,944,-2,29,t,4
1417191060,b,945,-2,31,s,2,2,1000.0000
1417191060,t,-2,auction,31,2,364.0000,220
1417191060,b,945,-2,31,t,4
1417191060,b,946,-2,32,s,2,2,1000.0000
1417191060,t,-2,auction,32,2,308.0000,221
1417191060,b,946,-2,32,t,4
1417191060,b,947,-2,33,s,2,2,1000.0000
1417191060,t,-2,auction,33,2,367.0000,222
1417191060,b,947,-2,33,t,4
1417191060,b,948,-2,34,s,2,2,1000.0000
1417191060,t,-2,auction,34,2,333.0000,223
1417191060,b,948,-2,34,t,4
1417191060,b,949,-2,36,s,2,4,1000.0000
1417191060,t,-2,auction,36,4,289.0000,224
1417191060,b,949,-2,36,t,4
1417191060,b,950,-2,41,s,2,4,115.0000
1417191060,b,951,-2,42,s,2,2,168.0000
1417191060,b,952,-2,43,s,2,2,183.0000
1417191060,b,953,-2,44,s,2,4,168.0000
1417191060,b,954,-2,45,s,2,-1,150.0086
1417191060,q,45,150.0086,0.0000
1417191060,b,955,-2,48,s,2,1,50.0032
1417191060,q,48,0.0000,50.0032
1417191060,b,956,-2,50,s,2,1,50.0019
1417191060,b,957,-2,52,s,2,2,50.0030
1417191060,q,52,0.0000,50.0030
1417191060,b,958,-2,53,s,2,-2,119.9760
1417191060,q,53,119.9760,0.0000
1417191060,b,959,-2,54,s,2,-4,196.5389
1417191060,q,54,196.5389,0.0000
1417191060,b,960,-3,29,s,2,4,1000.0000
1417191060,t,-3,auction,29,4,266.0000,225
1417191060,b,960,-3,29,t,4
1417191060,b,961,-3,30,s,2,1,1000.0000
1417191060,t,-3,auction,30,1,300.0000,226
1417191060,b,961,-3,30,t,4
1417191060,b,962,-3,31,s,2,1,1000.0000
1417191060,t,-3,auction,31,1,364.0000,227
1417191060,b,962,-3,31,t,4
1417191060,b,963,-3,32,s,2,2,1000.0000
1417191060,t,-3,auction,32,2,308.0000,228
1417191060,b,963,-3,32,t,4
1417191060,b,964,-3,33,s,2,1,1000.0000
1417191060,t,-3,auction,33,1,367.0000,229
1417191060,b,964,-3,33,t,4
1417191060,b,965,-3,34,s,2,2,1000.0000
1417191060,t,-3,auction,34,2,333.0000,230
1417191060,b,965,-3,34,t,4
1417191060,b,966,-3,35,s,2,1,1000.0000
1417191060,t,-3,auction,35,1,358.0000,231
1417191060,b,966,-3,35,t,4
1417191060,b,967,-3,36,s,2,4,1000.0000
1417191060,t,-3,auction,36,4,289.0000,232
1417191060,b,967,-3,36,t,4
1417191060,b,968,-3,38,s,2,1,103.0000
1417191060,b,969,-3,39,s,2,1,105.0000
1417191060,b,970,-3,40,s,2,1,87.0000
1417191060,b,971,-3,41,s,2,4,112.0000
1417191060,b,972,-3,42,s,2,3,237.0000
1417191060,b,973,-3,43,s,2,2,173.0000
1417191060,b,974,-3,44,s,2,3,152.0000
1417191060,b,975,-3,45,s,2,2,50.0056
1417191060,q,45,150.0086,50.0056
1417191060,b,976,-3,46,s,2,-1,167.7708
1417191060,q,46,167.7708,0.0000
1417191060,b,977,-3,47,s,2,1,50.0076
1417191060,q,47,116.7053,50.0076
1417191060,b,978,-3,48,s,2,1,50.0038
1417191060,q,48,0.0000,50.0038
1417191060,b,979,-3,50,s,2,2,50.0053
1417191060,q,50,0.0000,50.0053
1417191060,b,980,-3,51,s,2,-3,151.1263
1417191060,q,51,151.1263,0.0000
1417191060,b,981,-3,52,s,2,-3,180.5648
1417191060,q,52,180.5648,50.0030
1417191060,b,982,-3,56,s,2,-1,124.7542
1417191060,q,56,124.7542,0.0000
1417191060,b,983,-4,29,s,2,6,1000.0000
1417191060,t,-4,auction,29,6,266.0000,233
1417191060,b,983,-4,29,t,4
1417191060,b,984,-4,31,s,2,1,1000.0000
1417191060,t,-4,auction,31,1,364.0000,234
1417191060,b,984,-4,31,t,4
1417191060,b,985,-4,32,s,2,1,1000.0000
1417191060,t,-4,auction,32,1,308.0000,235
1417191060,b,985,-4,32,t,4
1417191060,b,986,-4,33,s,2,2,1000.0000
1417191060,t,-4,auction,33,2,367.0000,236
1417191060,b,986,-4,33,t,4
1417191060,b,987,-4,34,s,2,3,1000.0000
1417191060,t,-4,auction,34,3,333.0000,237
1417191060,b,987,-4,34,t,4
1417191060,b,988,-4,35,s,2,2,1000.0000
1417191060,t,-4,auction,35,2,358.0000,238
1417191060,b,988,-4,35,t,4
1417191060,b,989,-4,36,s,2,1,1000.0000
1417191060,t,-4,auction,36,1,289.0000,239
1417191060,b,989,-4,36,t,4
1417191060,b,990,-4,37,s,2,1,60.0000
1417191060,b,991,-4,38,s,2,1,101.0000
1417191060,b,992,-4,41,s,2,5,148.0000
1417191060,b,993,-4,42,s,2,3,193.0000
1417191060,b,994,-4,43,s,2,2,172.0000
1417191060,b,995,-4,44,s,2,1,104.0000
1417191060,b,996,-4,45,s,2,3,50.0045
1417191060,b,997,-4,47,s,2,-3,108.0482
1417191060,q,47,108.0482,50.0076
1417191060,b,998,-4,48,s,2,-1,107.0315
1417191060,q,48,107.0315,50.0038
1417191060,b,999,-4,50,s,2,2,50.0064
1417191060,q,50,0.0000,50.0064
1417191060,b,1000,-4,53,s,2,-4,188.0706
1417191060,b,1001,-4,55,s,2,-1,119.5439
1417191060,q,55,119.5439,0.0000
1417191060,b,1002,-5,29,s,2,3,1000.0000
1417191060,t,-5,auction,29,3,266.0000,240
1417191060,b,1002,-5,29,t,4
1417191060,b,1003,-5,30,s,2,1,1000.0000
1417191060,t,-5,auction,30,1,300.0000,241
1417191060,b,1003,-5,30,t,4
1417191060,b,1004,-5,31,s,2,1,1000.0000
1417191060,t,-5,auction,31,1,364.0000,242
1417191060,b,1004,-5,31,t,4
1417191060,b,1005,-5,32,s,2,3,1000.0000
1417191060,t,-5,auction,32,3,308.0000,243
1417191060,b,1005,-5,32,t,4
1417191060,b,1006,-5,33,s,2,1,1000.0000
1417191060,t,-5,auction,33,1,367.0000,244
1417191060,b,1006,-5,33,t,4
1417191060,b,1007,-5,34,s,2,2,1000.0000
1417191060,t,-5,auction,34,2,333.0000,245
1417191060,b,1007,-5,34,t,4
1417191060,b,1008,-5,35,s,2,2,1000.0000
1417191060,t,-5,auction,35,2,358.0000,246
1417191060,b,1008,-5,35,t,4
1417191060,b,1009,-5,36,s,2,3,1000.0000
1417191060,t,-5,auction,36,3,289.0000,247
1417191060,b,1009,-5,36,t,4
1417191060,b,1010,-5,38,s,2,1,98.0000
1417191060,b,1011,-5,39,s,2,1,113.0000
1417191060,b,1012,-5,41,s,2,3,120.0000
1417191060,b,1013,-5,42,s,2,2,170.0000
1417191060,b,1014,-5,43,s,2,1,140.0000
1417191060,b,1015,-5,44,s,2,3,107.0000
1417191060,b,1016,-5,45,s,2,2,50.0093
1417191060,q,45,150.0086,50.0093
1417191060,b,1017,-5,46,s,2,-1,100.1613
1417191060,q,46,100.1613,0.0000
1417191060,b,1018,-5,49,s,2,-2,195.1069
1417191060,b,1019,-5,50,s,2,-2,143.1843
1417191060,q,50,143.1843,50.0064
1417191060,b,1020,-5,56,s,2,-4,169.5115
1417191060,b,1021,-6,29,s,2,5,1000.0000
1417191060,t,-6,auction,29,5,266.0000,248
1417191060,b,1021,-6,29,t,4
1417191060,b,1022,-6,30,s,2,2,1000.0000
1417191060,t,-6,auction,30,2,300.0000,249
1417191060,b,1022,-6,30,t,4
1417191060,b,1023,-6,31,s,2,1,1000.0000
1417191060,t,-6,auction,31,1,364.0000,250
1417191060,b,1023,-6,31,t,4
1417191060,b,1024,-6,33,s,2,2,1000.0000
1417191060,t,-6,auction,33,2,367.0000,251
1417191060,b,1024,-6,33,t,4
1417191060,b,1025,-6,34,s,2,3,1000.0000
1417191060,t,-6,auction,34,3,333.0000,252
1417191060,b,1025,-6,34,t,4
1417191060,b,1026,-6,35,s,2,1,1000.0000
1417191060,t,-6,auction,35,1,358.0000,253
1417191060,b,1026,-6,35,t,4
1417191060,b,1027,-6,36,s,2,2,1000.0000
1417191060,t,-6,auction,36,2,289.0000,254
1417191060,b,1027,-6,36,t,4
1417191060,b,1028,-6,37,s,2,1,49.0000
1417191060,b,1029,-6,38,s,2,2,116.0000
1417191060,b,1030,-6,39,s,2,1,98.0000
1417191060,b,1031,-6,40,s,2,1,77.0000
1417191060,b,1032,-6,41,s,2,4,115.0000
1417191060,b,1033,-6,42,s,2,3,187.0000
1417191060,b,1034,-6,43,s,2,2,165.0000
1417191060,b,1035,-6,44,s,2,1,94.0000
1417191060,b,1036,-6,45,s,2,3,50.0039
1417191060,b,1037,-6,46,s,2,-2,115.4324
1417191060,b,1038,-6,47,s,2,1,50.0042
1417191060,b,1039,-6,49,s,2,-4,166.4280
1417191060,b,1040,-6,51,s,2,2,50.0045
1417191060,q,51,151.1263,50.0045
1417191060,b,1041,-6,53,s,2,-2,144.6667
1417191060,b,1042,-6,54,s,2,-2,126.3494
1417191060,q,54,126.3494,0.0000
1417191060,b,1043,-6,56,s,2,1,50.0078
1417191060,q,56,124.7542,50.0078
1417191060,b,1044,-7,29,s,2,3,1000.0000
1417191060,t,-7,auction,29,3,266.0000,255
1417191060,b,1044,-7,29,t,4
1417191060,b,1045,-7,30,s,2,2,1000.0000
1417191060,t,-7,auction,30,2,300.0000,256
1417191060,b,1045,-7,30,t,4
1417191060,b,1046,-7,31,s,2,1,1000.0000
1417191060,t,-7,auction,31,1,364.0000,257
1417191060,b,1046,-7,31,t,4
1417191060,b,1047,-7,32,s,2,2,1000.0000
1417191060,t,-7,auction,32,2,308.0000,258
1417191060,b,1047,-7,32,t,4
1417191060,b,1048,-7,33,s,2,1,1000.0000
1417191060,t,-7,auction,33,1,367.0000,259
1417191060,b,1048,-7,33,t,4
1417191060,b,1049,-7,34,s,2,3,1000.0000
1417191060,t,-7,auction,34,3,333.0000,260
1417191060,b,1049,-7,34,t,4
1417191060,b,1050,-7,35,s,2,1,1000.0000
1417191060,t,-7,auction,35,1,358.0000,261
1417191060,b,1050,-7,35,t,4
1417191060,b,1051,-7,36,s,2,3,1000.0000
1417191060,t,-7,auction,36,3,289.0000,262
1417191060,b,1051,-7,36,t,4
1417191060,b,1052,-7,38,s,2,1,94.0000
1417191060,b,1053,-7,39,s,2,1,110.0000
1417191060,b,1054,-7,41,s,2,3,96.0000
1417191060,b,1055,-7,42,s,2,3,203.0000
1417191060,b,1056,-7,43,s,2,1,117.0000
1417191060,b,1057,-7,44,s,2,3,121.0000
1417191060,b,1058,-7,45,s,2,1,50.0066
1417191060,b,1059,-7,47,s,2,1,50.0070
1417191060,b,1060,-7,48,s,2,-2,143.7765
1417191060,b,1061,-7,50,s,2,1,50.0066
1417191060,q,50,143.1843,50.0066
1417191060,b,1062,-7,51,s,2,-4,124.0411
1417191060,q,51,124.0411,50.0045
1417191060,b,1063,-7,55,s,2,-2,172.4269
1417191060,b,1064,-7,56,s,2,-2,105.8193
1417191060,q,56,105.8193,50.0078
1417191060,b,940,-1,47,r,5,-2,116.7053
1417191060,b,1065,-1,47,s,2,-2,152.7962
1417191060,b,977,-3,47,r,5,1,50.0076
1417191060,b,1066,-3,47,s,2,1,50.0069
1417191060,q,47,108.0482,50.0070
1417191060,b,997,-4,47,r,5,-3,108.0482
1417191060,b,1067,-4,47,s,2,-3,190.5340
1417191060,q,47,152.7962,50.0070
1417191060,b,1038,-6,47,r,5,1,50.0042
1417191060,b,1068,-6,47,s,2,1,50.0046
1417191060,b,1059,-7,47,r,5,1,50.0070
1417191060,b,1069,-7,47,s,2,1,50.0115
1417191060,q,47,152.7962,50.0115
1417191060,b,941,-1,49,r,5,-2,119.4369
1417191060,b,1070,-1,49,s,2,-2,197.5398
1417191060,q,49,166.4280,0.0000
1417191060,b,1018,-5,49,r,5,-2,195.1069
1417191060,b,1071,-5,49,s,2,-2,144.5822
1417191060,q,49,144.5822,0.0000
1417191060,b,1039,-6,49,r,5,-4,166.4280
1417191060,b,1072,-6,49,s,2,-4,199.7005
1417191060,b,942,-1,50,r,5,2,50.0037
1417191060,b,1073,-1,50,s,2,2,50.0055
1417191060,b,956,-2,50,r,5,1,50.0019
1417191060,b,1074,-2,50,s,2,1,50.0113
1417191060,q,50,143.1843,50.0113
1417191060,b,979,-3,50,r,5,2,50.0053
1417191060,b,1075,-3,50,s,2,2,50.0074
1417191060,b,999,-4,50,r,5,2,50.0064
1417191060,b,1076,-4,50,s,2,2,50.0109
1417191060,b,1019,-5,50,r,5,-2,143.1843
1417191060,b,1077,-5,50,s,2,-2,155.9560
1417191060,q,50,155.9560,50.0113
1417191060,b,1061,-7,50,r,5,1,50.0066
1417191060,b,1078,-7,50,s,2,1,50.0102
1417191060,b,943,-1,55,r,5,-2,180.9912
1417191060,b,1079,-1,55,s,2,-2,140.5417
1417191060,b,1001,-4,55,r,5,-1,119.5439
1417191060,b,1080,-4,55,s,2,-1,180.4247
1417191060,q,55,140.5417,0.0000
1417191060,b,1063,-7,55,r,5,-2,172.4269
1417191060,b,1081,-7,55,s,2,-2,140.9517
1417191060,b,954,-2,45,r,5,-1,150.0086
1417191060,b,1082,-2,45,s,2,-1,181.6259
1417191060,q,45,181.6259,50.0093
1417191060,b,975,-3,45,r,5,2,50.0056
1417191060,b,1083,-3,45,s,2,2,50.0064
1417191060,b,996,-4,45,r,5,3,50.0045
1417191060,b,1084,-4,45,s,2,3,50.0044
1417191060,b,1016,-5,45,r,5,2,50.0093
1417191060,b,1085,-5,45,s,2,2,50.0108
1417191060,q,45,181.6259,50.0108
1417191060,b,1036,-6,45,r,5,3,50.0039
1417191060,b,1086,-6,45,s,2,3,50.0081
1417191060,b,1058,-7,45,r,5,1,50.0066
1417191060,b,1087,-7,45,s,2,1,50.0072
1417191060,b,955,-2,48,r,5,1,50.0032
1417191060,b,1088,-2,48,s,2,1,50.0089
1417191060,q,48,107.0315,50.0089
1417191060,b,978,-3,48,r,5,1,50.0038
1417191060,b,1089,-3,48,s,2,1,50.0057
1417191060,b,998,-4,48,r,5,-1,107.0315
1417191060,b,1090,-4,48,s,2,-1,182.3183
1417191060,q,48,143.7765,50.0089
1417191060,b,1060,-7,48,r,5,-2,143.7765
1417191060,b,1091,-7,48,s,2,-2,166.9082
1417191060,q,48,166.9082,50.0089
1417191060,b,957,-2,52,r,5,2,50.0030
1417191060,b,1092,-2,52,s,2,2,50.0065
1417191060,q,52,180.5648,50.0065
1417191060,b,981,-3,52,r,5,-3,180.5648
1417191060,b,1093,-3,52,s,2,-3,109.7988
1417191060,q,52,109.7988,50.0065
1417191060,b,958,-2,53,r,5,-2,119.9760
1417191060,b,1094,-2,53,s,2,-2,154.5521
1417191060,q,53,144.6667,0.0000
1417191060,b,1000,-4,53,r,5,-4,188.0706
1417191060,b,1095,-4,53,s,2,-4,107.3479
1417191060,q,53,107.3479,0.0000
1417191060,b,1041,-6,53,r,5,-2,144.6667
1417191060,b,1096,-6,53,s,2,-2,159.6481
1417191060,b,959,-2,54,r,5,-4,196.5389
1417191060,b,1097,-2,54,s,2,-4,193.0227
1417191060,b,1042,-6,54,r,5,-2,126.3494
1417191060,b,1098,-6,54,s,2,-2,186.1270
1417191060,q,54,186.1270,0.0000
1417191060,b,976,-3,46,r,5,-1,167.7708
1417191060,b,1099,-3,46,s,2,-1,154.6695
1417191060,b,1017,-5,46,r,5,-1,100.1613
1417191060,b,1100,-5,46,s,2,-1,120.7376
1417191060,q,46,115.4324,0.0000
1417191060,b,1037,-6,46,r,5,-2,115.4324
1417191060,b,1101,-6,46,s,2,-2,155.8630
1417191060,q,46,120.7376,0.0000
1417191060,b,980,-3,51,r,5,-3,151.1263
1417191060,b,1102,-3,51,s,2,-3,154.0186
1417191060,b,1040,-6,51,r,5,2,50.0045
1417191060,b,1103,-6,51,s,2,2,50.0054
1417191060,q,51,124.0411,50.0054
1417191060,b,1062,-7,51,r,5,-4,124.0411
1417191060,b,1104,-7,51,s,2,-4,162.2234
1417191060,q,51,154.0186,50.0054
1417191060,b,982,-3,56,r,5,-1,124.7542
1417191060,b,1105,-3,56,s,2,-1,192.7338
1417191060,b,1020,-5,56,r,5,-4,169.5115
1417191060,b,1106,-5,56,s,2,-4,160.0981
1417191060,b,1043,-6,56,r,5,1,50.0078
1417191060,b,1107,-6,56,s,2,1,50.0069
1417191060,q,56,105.8193,50.0069
1417191060,b,1064,-7,56,r,5,-2,105.8193
1417191060,b,1108,-7,56,s,2,-2,134.7686
1417191060,q,56,134.7686,50.0069
1417191070,q,29,262.0000,0.0000
1417191070,q,30,301.0000,0.0000
1417191070,q,31,354.0000,0.0000
1417191070,q,32,316.0000,0.0000
1417191070,q,33,371.0000,0.0000
1417191070,q,34,329.0000,0.0000
1417191070,q,35,355.0000,0.0000
1417191070,q,36,289.0000,0.0000
1417191080,q,29,267.0000,0.0000
1417191080,q,30,305.0000,0.0000
1417191080,q,31,345.0000,0.0000
1417191080,q,32,314.0000,0.0000
1417191080,q,33,371.0000,0.0000
1417191080,q,34,333.0000,0.0000
1417191080,q,35,363.0000,0.0000
1417191080,q,36,287.0000,0.0000
1417191090,q,29,265.0000,0.0000
1417191090,q,30,296.0000,0.0000
1417191090,q,31,342.0000,0.0000
1417191090,q,32,324.0000,0.0000
1417191090,q,33,367.0000,0.0000
1417191090,q,34,329.0000,0.0000
1417191090,q,35,360.0000,0.0000
1417191090,q,36,291.0000,0.0000
1417191100,q,29,263.0000,0.0000
1417191100,q,30,297.0000,0.0000
1417191100,q,31,333.0000,0.0000
1417191100,q,32,314.0000,0.0000
1417191100,q,33,376.0000,0.0000
1417191100,q,34,330.0000,0.0000
1417191100,q,35,354.0000,0.0000
1417191100,q,36,286.0000,0.0000
1417191110,q,29,273.0000,0.0000
1417191110,q,30,294.0000,0.0000
1417191110,q,31,330.0000,0.0000
1417191110,q,32,324.0000,0.0000
1417191110,q,33,385.0000,0.0000
1417191110,q,34,323.0000,0.0000
1417191110,q,35,359.0000,0.0000
1417191110,q,36,287.0000,0.0000
1417191120,q,29,284.0000,0.0000
1417191120,q,30,286.0000,0.0000
1417191120,q,31,330.0000,0.0000
1417191120,q,32,319.0000,0.0000
1417191120,q,33,390.0000,0.0000
1417191120,q,34,322.0000,0.0000
1417191120,q,35,353.0000,0.0000
1417191120,q,36,295.0000,0.0000
1417191120,q,37,0.0000,0.0000,-1,2,-4,1,-6,1
1417191120,q,38,0.0000,0.0000,-1,2,-3,1,-4,1,-5,1,-6,2,-7,1
1417191120,q,39,0.0000,0.0000,-1,1,-3,1,-5,1,-6,1,-7,1
1417191120,q,40,0.0000,0.0000,-1,1,-3,1,-6,1
1417191120,q,41,115.0000,112.0000,-1,0,-2,4,-3,0,-4,5,-5,3,-6,4,-7,0
1417191120,t,-2,auction,41,4,115.0000,263
1417191120,b,950,-2,41,t,4
1417191120,t,-4,auction,41,5,115.0000,264
1417191120,b,992,-4,41,t,4
1417191120,t,-5,auction,41,3,115.0000,265
1417191120,b,1012,-5,41,t,4
1417191120,t,-6,auction,41,4,115.0000,266
1417191120,b,1032,-6,41,t,4
1417191120,q,41,115.0000,112.0000
1417191120,z,41
1417191120,q,42,170.0000,168.0000,-1,2,-2,0,-3,3,-4,3,-5,2,-6,3,-7,3
1417191120,q,43,0.0000,0.0000,-1,1,-2,2,-3,2,-4,2,-5,1,-6,2,-7,1
1417191120,q,44,104.0000,94.0000,-1,2,-2,4,-3,3,-4,1,-5,3,-6,0,-7,3
1417191130,b,1109,-1,30,s,2,1,1000.0000
1417191130,t,-1,auction,30,1,286.0000,267
1417191130,b,1109,-1,30,t,4
1417191130,b,937,-1,42,r,5,2,176.0000
1417191130,b,1110,-1,42,s,2,3,220.0000
1417191130,b,1111,-1,45,s,2,-1,115.0754
1417191130,q,45,115.0754,50.0108
1417191130,b,1111,-1,45,r,5,-1,115.0754
1417191130,b,1112,-1,45,s,2,-1,101.3899
1417191130,q,45,101.3899,50.0108
1417191130,b,1113,-1,46,s,2,1,54.4103
1417191130,q,46,120.7376,54.4103
1417191130,b,1082,-2,45,r,5,-1,181.6259
1417191130,b,1114,-2,45,s,2,-1,145.6992
1417191130,b,1083,-3,45,r,5,2,50.0064
1417191130,b,1115,-3,45,s,2,2,56.9797
1417191130,q,45,101.3899,56.9797
1417191130,b,1065,-1,47,r,5,-2,152.7962
1417191130,b,1116,-1,47,s,2,-2,139.4258
1417191130,q,47,139.4258,50.0115
1417191130,b,1084,-4,45,r,5,3,50.0044
1417191130,b,1117,-4,45,s,2,3,54.0833
1417191130,b,1085,-5,45,r,5,2,50.0108
1417191130,b,1118,-5,45,s,2,2,59.0441
1417191130,q,45,101.3899,59.0441
1417191130,b,1070,-1,49,r,5,-2,197.5398
1417191130,b,1119,-1,49,s,2,-2,163.6389
1417191130,b,1086,-6,45,r,5,3,50.0081
1417191130,b,1120,-6,45,s,2,3,57.4394
1417191130,b,1087,-7,45,r,5,1,50.0072
1417191130,b,1121,-7,45,s,2,1,53.1855
1417191130,b,1073,-1,50,r,5,2,50.0055
1417191130,b,1122,-1,50,s,2,1,55.6756
1417191130,q,50,155.9560,55.6756
1417191130,b,1113,-1,46,r,5,1,54.4103
1417191130,b,1123,-1,46,s,2,1,55.4077
1417191130,q,46,120.7376,55.4077
1417191130,b,1124,-1,51,s,2,1,53.1241
1417191130,q,51,154.0186,53.1241
1417191130,b,1099,-3,46,r,5,-1,154.6695
1417191130,b,1125,-3,46,s,2,-1,165.2184
1417191130,b,1100,-5,46,r,5,-1,120.7376
1417191130,b,1126,-5,46,s,2,-1,142.6989
1417191130,b,1079,-1,55,r,5,-2,140.5417
1417191130,q,46,142.6989,55.4077
1417191130,b,1127,-1,55,s,2,-3,140.3477
1417191130,q,55,140.3477,0.0000
1417191130,b,1101,-6,46,r,5,-2,155.8630
1417191130,b,1128,-6,46,s,2,-2,145.8044
1417191130,b,1116,-1,47,r,5,-2,139.4258
1417191130,b,1129,-1,47,s,2,-2,94.9926
1417191130,q,47,94.9926,50.0115
1417191130,b,1066,-3,47,r,5,1,50.0069
1417191130,b,1130,-3,47,s,2,1,54.4626
1417191130,q,47,94.9926,54.4626
1417191130,b,1067,-4,47,r,5,-3,190.5340
1417191130,b,1131,-4,47,s,2,-3,107.2129
1417191130,b,1068,-6,47,r,5,1,50.0046
1417191130,b,1132,-6,47,s,2,1,56.4720
1417191130,q,47,94.9926,56.4720
1417191130,b,1069,-7,47,r,5,1,50.0115
1417191130,b,1133,-7,47,s,2,1,58.8313
1417191130,q,47,94.9926,58.8313
1417191130,b,1028,-6,37,r,5,1,49.0000
1417191130,b,1134,-6,37,s,2,4,74.0000
1417191130,b,1122,-1,50,r,5,1,55.6756
1417191130,b,1135,-1,50,s,2,1,57.3126
1417191130,q,50,155.9560,57.3126
1417191130,b,1074,-2,50,r,5,1,50.0113
1417191130,b,1136,-2,50,s,2,1,58.9027
1417191130,q,50,155.9560,58.9027
1417191130,b,1029,-6,38,r,5,2,116.0000
1417191130,b,1137,-6,38,s,2,3,145.0000
1417191130,b,1075,-3,50,r,5,2,50.0074
1417191130,b,1138,-3,50,s,2,2,55.2409
1417191130,b,1076,-4,50,r,5,2,50.0109
1417191130,b,1139,-4,50,s,2,2,55.4699
1417191130,b,1140,-6,44,c,1,1,104.0000
1417191130,b,1077,-5,50,r,5,-2,155.9560
1417191130,b,1141,-5,50,s,2,-2,175.2370
1417191130,q,50,175.2370,58.9027
1417191130,b,1120,-6,45,r,5,3,57.4394
1417191130,b,1142,-6,45,s,2,3,58.4910
1417191130,b,1078,-7,50,r,5,1,50.0102
1417191130,b,1143,-7,50,s,2,1,53.3649
1417191130,b,1124,-1,51,r,5,1,53.1241
1417191130,b,1144,-1,51,s,2,1,55.3213
1417191130,q,51,154.0186,55.3213
1417191130,b,1128,-6,46,r,5,-2,145.8044
1417191130,b,1145,-6,46,s,2,-2,178.7390
1417191130,b,1102,-3,51,r,5,-3,154.0186
1417191130,b,1146,-3,51,s,2,-3,130.2086
1417191130,q,51,130.2086,55.3213
1417191130,b,1132,-6,47,r,5,1,56.4720
1417191130,b,1147,-6,47,s,2,1,58.1741
1417191130,b,1103,-6,51,r,5,2,50.0054
1417191130,b,1148,-6,51,s,2,2,56.2335
1417191130,q,51,130.2086,56.2335
1417191130,b,1104,-7,51,r,5,-4,162.2234
1417191130,b,1149,-7,51,s,2,-4,174.2956
1417191130,b,1072,-6,49,r,5,-4,199.7005
1417191130,b,1150,-6,49,s,2,-4,107.5949
1417191130,q,49,107.5949,0.0000
1417191130,b,1127,-1,55,r,5,-3,140.3477
1417191130,b,1151,-1,55,s,2,-3,122.8556
1417191130,q,55,122.8556,0.0000
1417191130,b,1080,-4,55,r,5,-1,180.4247
1417191130,b,1152,-4,55,s,2,-1,101.4524
1417191130,q,55,101.4524,0.0000
1417191130,b,1148,-6,51,r,5,2,56.2335
1417191130,b,1153,-6,51,s,2,2,58.7971
1417191130,q,51,130.2086,58.7971
1417191130,b,1081,-7,55,r,5,-2,140.9517
1417191130,b,1154,-7,55,s,2,-2,151.2199
1417191130,b,1096,-6,53,r,5,-2,159.6481
1417191130,b,1155,-6,53,s,2,-2,115.6992
1417191130,b,1119,-1,49,r,5,-2,163.6389
1417191130,b,1156,-1,49,s,2,-2,166.7502
1417191130,b,1071,-5,49,r,5,-2,144.5822
1417191130,b,1157,-5,49,s,2,-2,110.7227
1417191130,b,1098,-6,54,r,5,-2,186.1270
1417191130,b,1158,-6,54,s,2,-2,101.5942
1417191130,b,1150,-6,49,r,5,-4,107.5949
1417191130,b,1159,-6,49,s,2,-4,105.1855
1417191130,q,49,105.1855,0.0000
1417191130,q,54,101.5942,0.0000
1417191130,b,1097,-2,54,r,5,-4,193.0227
1417191130,b,1160,-2,54,s,2,-4,115.0316
1417191130,b,1158,-6,54,r,5,-2,101.5942
1417191130,b,1161,-6,54,s,2,-2,173.6597
1417191130,q,54,115.0316,0.0000
1417191130,b,1107,-6,56,r,5,1,50.0069
1417191130,b,1162,-6,56,s,2,1,57.3444
1417191130,q,56,134.7686,57.3444
1417191130,b,1105,-3,56,r,5,-1,192.7338
1417191130,b,1163,-3,56,s,2,-1,103.3701
1417191130,q,56,103.3701,57.3444
1417191130,b,1106,-5,56,r,5,-4,160.0981
1417191130,b,1164,-5,56,s,2,-4,166.3088
1417191130,b,1162,-6,56,r,5,1,57.3444
1417191130,b,1165,-6,56,s,2,1,56.6822
1417191130,q,56,103.3701,56.6822
1417191130,b,1108,-7,56,r,5,-2,134.7686
1417191130,b,1166,-7,56,s,2,-2,127.6253
1417191130,b,1167,-5,37,s,2,1,57.0000
1417191130,b,1010,-5,38,r,5,1,98.0000
1417191130,b,1168,-5,38,s,2,2,123.0000
1417191130,b,1169,-5,40,s,2,1,72.0000
1417191130,b,1118,-5,45,r,5,2,59.0441
1417191130,b,1170,-5,45,s,2,2,53.1731
1417191130,q,45,101.3899,58.4910
1417191130,b,1126,-5,46,r,5,-1,142.6989
1417191130,b,1171,-5,46,s,2,-1,124.8904
1417191130,q,46,124.8904,55.4077
1417191130,b,1157,-5,49,r,5,-2,110.7227
1417191130,b,1172,-5,49,s,2,-2,161.9400
1417191130,b,1141,-5,50,r,5,-2,175.2370
1417191130,b,1173,-5,50,s,2,-2,131.7993
1417191130,q,50,131.7993,58.9027
1417191130,b,1164,-5,56,r,5,-4,166.3088
1417191130,b,1174,-5,56,s,2,-4,135.0931
1417191130,b,990,-4,37,r,5,1,60.0000
1417191130,b,1175,-4,37,s,2,5,105.0000
1417191130,b,991,-4,38,r,5,1,101.0000
1417191130,b,1176,-4,38,s,2,3,158.0000
1417191130,b,1177,-4,39,s,2,2,118.0000
1417191130,b,1117,-4,45,r,5,3,54.0833
1417191130,b,1178,-4,45,s,2,3,58.8078
1417191130,q,45,101.3899,58.8078
1417191130,b,1131,-4,47,r,5,-3,107.2129
1417191130,b,1179,-4,47,s,2,-3,99.2222
1417191130,b,1090,-4,48,r,5,-1,182.3183
1417191130,b,1180,-4,48,s,2,-1,163.2660
1417191130,q,48,163.2660,50.0089
1417191130,b,1088,-2,48,r,5,1,50.0089
1417191130,b,1181,-2,48,s,2,1,57.3331
1417191130,q,48,163.2660,57.3331
1417191130,b,1139,-4,50,r,5,2,55.4699
1417191130,b,1182,-4,50,s,2,2,53.8995
1417191130,b,1089,-3,48,r,5,1,50.0057
1417191130,b,1183,-3,48,s,2,1,56.1796
1417191130,b,1180,-4,48,r,5,-1,163.2660
1417191130,b,1184,-4,48,s,2,-1,132.5600
1417191130,q,48,132.5600,57.3331
1417191130,b,1095,-4,53,r,5,-4,107.3479
1417191130,b,1185,-4,53,s,2,-4,113.4761
1417191130,q,53,113.4761,0.0000
1417191130,b,1091,-7,48,r,5,-2,166.9082
1417191130,b,1186,-7,48,s,2,-2,156.9497
1417191130,b,1094,-2,53,r,5,-2,154.5521
1417191130,b,1187,-2,53,s,2,-2,127.0981
1417191130,b,1152,-4,55,r,5,-1,101.4524
1417191130,b,1188,-4,55,s,2,-1,129.0813
1417191130,q,55,122.8556,0.0000
1417191130,b,1185,-4,53,r,5,-4,113.4761
1417191130,b,1189,-4,53,s,2,-4,170.8556
1417191130,q,53,115.6992,0.0000
1417191130,b,1155,-6,53,r,5,-2,115.6992
1417191130,b,1190,-6,53,s,2,-2,161.0250
1417191130,q,53,127.0981,0.0000
1417191130,b,1191,-2,37,s,2,1,43.0000
1417191130,b,1192,-2,38,s,2,1,103.0000
1417191130,b,1193,-2,39,s,2,2,141.0000
1417191130,b,1194,-2,40,s,2,2,76.0000
1417191130,b,1195,-2,42,c,1,1,170.0000
1417191130,b,1114,-2,45,r,5,-1,145.6992
1417191130,b,1196,-2,45,s,2,-1,114.0462
1417191130,b,1197,-2,47,s,2,-1,131.1215
1417191130,b,1181,-2,48,r,5,1,57.3331
1417191130,b,1198,-2,48,s,2,2,53.5873
1417191130,q,48,132.5600,56.1796
1417191130,b,1136,-2,50,r,5,1,58.9027
1417191130,b,1199,-2,50,s,2,1,55.0840
1417191130,q,50,131.7993,57.3126
1417191130,b,1092,-2,52,r,5,2,50.0065
1417191130,b,1200,-2,52,s,2,1,57.3419
1417191130,q,52,109.7988,57.3419
1417191130,b,1200,-2,52,r,5,1,57.3419
1417191130,b,1201,-2,52,s,2,1,52.7564
1417191130,q,52,109.7988,52.7564
1417191130,b,1093,-3,52,r,5,-3,109.7988
1417191130,b,1202,-3,52,s,2,-3,96.6982
1417191130,q,52,96.6982,52.7564
1417191130,b,1187,-2,53,r,5,-2,127.0981
1417191130,b,1203,-2,53,s,2,-2,119.5294
1417191130,q,53,119.5294,0.0000
1417191130,b,1160,-2,54,r,5,-4,115.0316
1417191130,b,1204,-2,54,s,2,-4,168.3791
1417191130,q,54,168.3791,0.0000
1417191130,b,1205,-7,40,s,2,1,87.0000
1417191130,q,29,292.0000,0.0000
1417191130,q,30,290.0000,0.0000
1417191130,q,31,322.0000,0.0000
1417191130,q,32,315.0000,0.0000
1417191130,q,33,400.0000,0.0000
1417191130,q,34,323.0000,0.0000
1417191130,q,35,359.0000,0.0000
1417191130,b,1121,-7,45,r,5,1,53.1855
1417191130,q,36,289.0000,0.0000
1417191130,b,1206,-7,45,s,2,1,53.6090
1417191130,b,1133,-7,47,r,5,1,58.8313
1417191130,b,1207,-7,47,s,2,1,54.3095
1417191130,q,47,94.9926,58.1741
1417191130,b,1197,-2,47,r,5,-1,131.1215
1417191130,b,1208,-2,47,s,2,-1,118.7527
1417191130,b,1186,-7,48,r,5,-2,156.9497
1417191130,b,1209,-7,48,s,2,-2,155.1520
1417191130,b,1143,-7,50,r,5,1,53.3649
1417191130,b,1210,-7,50,s,2,2,58.0238
1417191130,q,50,131.7993,58.0238
1417191130,b,1149,-7,51,r,5,-4,174.2956
1417191130,b,1211,-7,51,s,2,-4,100.4692
1417191130,q,51,100.4692,58.7971
1417191130,b,1154,-7,55,r,5,-2,151.2199
1417191130,b,1212,-7,55,s,2,-2,149.5294
1417191130,b,1166,-7,56,r,5,-2,127.6253
1417191130,b,1213,-7,56,s,2,-1,145.3462
1417191130,b,969,-3,39,r,5,1,105.0000
1417191130,b,1214,-3,39,s,2,2,131.0000
1417191130,b,970,-3,40,r,5,1,87.0000
1417191130,b,1215,-3,40,s,2,3,115.0000
1417191130,b,1115,-3,45,r,5,2,56.9797
1417191130,b,1216,-3,45,s,2,2,56.7632
1417191130,b,1125,-3,46,r,5,-1,165.2184
1417191130,b,1217,-3,46,s,2,-1,99.5107
1417191130,q,46,99.5107,55.4077
1417191130,b,1130,-3,47,r,5,1,54.4626
1417191130,b,1218,-3,47,s,2,1,55.5086
1417191130,b,1183,-3,48,r,5,1,56.1796
1417191130,b,1219,-3,48,s,2,1,58.7663
1417191130,q,48,132.5600,58.7663
1417191130,b,1138,-3,50,r,5,2,55.2409
1417191130,b,1220,-3,50,s,2,2,54.3911
1417191130,b,1146,-3,51,r,5,-3,130.2086
1417191130,b,1221,-3,51,s,2,-3,171.5973
1417191130,b,1202,-3,52,r,5,-3,96.6982
1417191130,b,1222,-3,52,s,2,-3,141.5122
1417191130,q,52,141.5122,52.7564
1417191130,b,1223,-3,55,s,2,1,54.8130
1417191130,q,55,122.8556,54.8130
1417191130,b,1223,-3,55,r,5,1,54.8130
1417191130,b,1224,-3,55,s,2,1,53.9943
1417191130,q,55,122.8556,53.9943
1417191130,b,1163,-3,56,r,5,-1,103.3701
1417191130,b,1225,-3,56,s,2,-1,136.2037
1417191130,q,56,135.0931,56.6822
1417191140,q,29,291.0000,0.0000
1417191140,q,30,288.0000,0.0000
1417191140,q,31,332.0000,0.0000
1417191140,q,32,312.0000,0.0000
1417191140,q,33,397.0000,0.0000
1417191140,q,34,315.0000,0.0000
1417191140,q,35,368.0000,0.0000
1417191140,q,36,284.0000,0.0000
1417191150,q,29,282.0000,0.0000
1417191150,q,30,295.0000,0.0000
1417191150,q,31,343.0000,0.0000
1417191150,q,32,305.0000,0.0000
1417191150,q,33,401.0000,0.0000
1417191150,q,34,306.0000,0.0000
1417191150,q,35,358.0000,0.0000
1417191150,q,36,292.0000,0.0000
1417191160,q,29,288.0000,0.0000
1417191160,q,30,292.0000,0.0000
1417191160,q,31,353.0000,0.0000
1417191160,q,32,311.0000,0.0000
1417191160,q,33,393.0000,0.0000
1417191160,q,34,308.0000,0.0000
1417191160,q,35,354.0000,0.0000
1417191160,q,36,289.0000,0.0000
1417191170,q,29,295.0000,0.0000
1417191170,q,30,282.0000,0.0000
1417191170,q,31,349.0000,0.0000
1417191170,q,32,319.0000,0.0000
1417191170,q,33,401.0000,0.0000
1417191170,q,34,314.0000,0.0000
1417191170,q,35,358.0000,0.0000
1417191170,q,36,291.0000,0.0000
1417191180,q,29,285.0000,0.0000
1417191180,q,30,280.0000,0.0000
1417191180,q,31,355.0000,0.0000
1417191180,q,32,329.0000,0.0000
1417191180,q,33,401.0000,0.0000
1417191180,q,34,308.0000,0.0000
1417191180,q,35,360.0000,0.0000
1417191180,q,36,281.0000,0.0000
1417191180,q,37,0.0000,0.0000,-1,2,-6,4,-5,1,-4,5,-2,1
1417191180,q,38,0.0000,0.0000,-1,2,-3,1,-7,1,-6,3,-5,2,-4,3,-2,1
1417191180,q,39,0.0000,0.0000,-1,1,-5,1,-6,1,-7,1,-4,2,-2,2,-3,2
1417191180,q,40,0.0000,0.0000,-1,1,-6,1,-5,1,-2,2,-7,1,-3,3
1417191180,q,42,170.0000,170.0000,-2,0,-3,3,-4,3,-5,1,-6,3,-7,3,-1,3
1417191180,q,43,0.0000,0.0000,-1,1,-2,2,-3,2,-4,2,-5,1,-6,2,-7,1
1417191180,q,44,104.0000,94.0000,-1,2,-2,4,-3,3,-4,1,-5,3,-6,0,-7,3
1417191180,t,-1,auction,44,2,104.0000,268
1417191180,b,939,-1,44,t,4
1417191180,t,-2,auction,44,4,104.0000,269
1417191180,b,953,-2,44,t,4
1417191180,t,-3,auction,44,3,104.0000,270
1417191180,b,974,-3,44,t,4
1417191180,t,-4,auction,44,1,104.0000,271
1417191180,b,995,-4,44,t,4
1417191180,t,-5,auction,44,3,104.0000,272
1417191180,b,1015,-5,44,t,4
1417191180,t,-7,auction,44,3,104.0000,273
1417191180,b,1057,-7,44,t,4
1417191180,q,44,104.0000,94.0000
1417191180,z,44
1417191190,b,1226,-2,36,s,2,1,1000.0000
1417191190,t,-2,auction,36,1,281.0000,274
1417191190,b,1226,-2,36,t,4
1417191190,b,1194,-2,40,r,5,2,76.0000
1417191190,b,1227,-2,40,s,2,3,87.0000
1417191190,b,951,-2,42,r,5,2,168.0000
1417191190,b,1228,-2,42,s,2,1,171.0000
1417191190,b,1199,-2,50,r,5,1,55.0840
1417191190,b,1229,-2,50,s,2,1,55.0641
1417191190,b,1201,-2,52,r,5,1,52.7564
1417191190,b,1230,-2,52,s,2,2,66.8118
1417191190,q,52,141.5122,66.8118
1417191190,b,1230,-2,52,r,5,2,66.8118
1417191190,b,1231,-2,52,s,2,2,58.3755
1417191190,q,52,141.5122,58.3755
1417191190,b,1203,-2,53,r,5,-2,119.5294
1417191190,b,1232,-2,53,s,2,-2,133.4533
1417191190,q,53,133.4533,0.0000
1417191190,b,1222,-3,52,r,5,-3,141.5122
1417191190,b,1233,-3,52,s,2,-3,131.2546
1417191190,q,52,131.2546,58.3755
1417191190,b,1232,-2,53,r,5,-2,133.4533
1417191190,b,1234,-2,53,s,2,-2,93.8846
1417191190,b,1204,-2,54,r,5,-4,168.3791
1417191190,b,1235,-2,54,s,2,-4,160.7434
1417191190,q,53,93.8846,0.0000
1417191190,q,54,160.7434,0.0000
1417191190,b,1189,-4,53,r,5,-4,170.8556
1417191190,b,1236,-4,53,s,2,-4,122.4727
1417191190,b,1190,-6,53,r,5,-2,161.0250
1417191190,b,1237,-6,53,s,2,-2,135.9995
1417191190,b,1238,-2,55,s,2,1,66.2145
1417191190,q,55,122.8556,66.2145
1417191190,b,1235,-2,54,r,5,-4,160.7434
1417191190,b,1239,-2,54,s,2,-4,104.1034
1417191190,q,54,104.1034,0.0000
1417191190,b,1161,-6,54,r,5,-2,173.6597
1417191190,b,1240,-6,54,s,2,-2,139.8165
1417191190,b,1151,-1,55,r,5,-3,122.8556
1417191190,b,1241,-1,55,s,2,-3,142.4526
1417191190,q,55,129.0813,66.2145
1417191190,b,1238,-2,55,r,5,1,66.2145
1417191190,b,1242,-2,55,s,2,1,59.5770
1417191190,q,55,129.0813,59.5770
1417191190,b,1224,-3,55,r,5,1,53.9943
1417191190,b,1243,-3,55,s,2,1,63.2925
1417191190,q,55,129.0813,63.2925
1417191190,b,1188,-4,55,r,5,-1,129.0813
1417191190,b,1244,-4,55,s,2,-1,140.7083
1417191190,q,55,140.7083,63.2925
1417191190,b,1212,-7,55,r,5,-2,149.5294
1417191190,b,1245,-7,55,s,2,-2,112.4671
1417191190,q,55,112.4671,63.2925
1417191190,b,1246,-6,35,s,2,1,1000.0000
1417191190,t,-6,auction,35,1,360.0000,275
1417191190,b,1246,-6,35,t,4
1417191190,b,1142,-6,45,r,5,3,58.4910
1417191190,b,1247,-6,45,s,2,3,56.7393
1417191190,b,1145,-6,46,r,5,-2,178.7390
1417191190,b,1248,-6,46,s,2,-2,99.7147
1417191190,b,1147,-6,47,r,5,1,58.1741
1417191190,b,1249,-6,47,s,2,1,63.0372
1417191190,q,47,94.9926,63.0372
1417191190,b,1129,-1,47,r,5,-2,94.9926
1417191190,b,1250,-1,47,s,2,-2,110.2991
1417191190,q,47,99.2222,63.0372
1417191190,b,1218,-3,47,r,5,1,55.5086
1417191190,b,1251,-3,47,s,2,1,63.8747
1417191190,b,1159,-6,49,r,5,-4,105.1855
1417191190,q,47,99.2222,63.8747
1417191190,b,1252,-6,49,s,2,-4,119.1680
1417191190,q,49,119.1680,0.0000
1417191190,b,1179,-4,47,r,5,-3,99.2222
1417191190,b,1253,-4,47,s,2,-3,151.0820
1417191190,q,47,110.2991,63.8747
1417191190,b,1153,-6,51,r,5,2,58.7971
1417191190,b,1254,-6,51,s,2,1,61.2029
1417191190,q,51,100.4692,61.2029
1417191190,b,1249,-6,47,r,5,1,63.0372
1417191190,b,1255,-6,47,s,2,1,62.1200
1417191190,b,1207,-7,47,r,5,1,54.3095
1417191190,b,1256,-7,47,s,2,1,62.8459
1417191190,b,1257,-6,52,s,2,1,62.4930
1417191190,q,52,131.2546,62.4930
1417191190,b,1156,-1,49,r,5,-2,166.7502
1417191190,b,1258,-1,49,s,2,-2,163.2861
1417191190,b,1172,-5,49,r,5,-2,161.9400
1417191190,b,1259,-5,49,s,2,-2,128.2760
1417191190,b,1237,-6,53,r,5,-2,135.9995
1417191190,b,1260,-6,53,s,2,-2,88.1127
1417191190,b,1252,-6,49,r,5,-4,119.1680
1417191190,b,1261,-6,49,s,2,-4,93.2948
1417191190,q,53,88.1127,0.0000
1417191190,q,49,93.2948,0.0000
1417191190,b,1144,-1,51,r,5,1,55.3213
1417191190,b,1262,-1,51,s,2,1,58.3190
1417191190,b,1240,-6,54,r,5,-2,139.8165
1417191190,b,1263,-6,54,s,2,-2,98.0507
1417191190,q,54,98.0507,0.0000
1417191190,b,1221,-3,51,r,5,-3,171.5973
1417191190,b,1264,-3,51,s,2,-3,116.1067
1417191190,b,1254,-6,51,r,5,1,61.2029
1417191190,b,1265,-6,51,s,2,1,66.2252
1417191190,q,51,100.4692,66.2252
1417191190,b,1211,-7,51,r,5,-4,100.4692
1417191190,b,1266,-7,51,s,2,-4,130.1100
1417191190,q,51,116.1067,66.2252
1417191190,b,1257,-6,52,r,5,1,62.4930
1417191190,b,1267,-6,52,s,2,1,65.5437
1417191190,q,52,131.2546,65.5437
1417191190,b,1169,-5,40,r,5,1,72.0000
1417191190,b,1268,-5,40,s,2,2,82.0000
1417191190,b,1170,-5,45,r,5,2,53.1731
1417191190,b,1269,-5,45,s,2,2,58.2588
1417191190,b,1171,-5,46,r,5,-1,124.8904
1417191190,b,1270,-5,46,s,2,-1,98.4895
1417191190,q,46,98.4895,55.4077
1417191190,b,1123,-1,46,r,5,1,55.4077
1417191190,b,1271,-1,46,s,2,1,64.4058
1417191190,q,46,98.4895,64.4058
1417191190,b,1217,-3,46,r,5,-1,99.5107
1417191190,b,1272,-3,46,s,2,-1,152.2963
1417191190,b,1259,-5,49,r,5,-2,128.2760
1417191190,b,1273,-5,49,s,2,-2,101.3617
1417191190,b,1270,-5,46,r,5,-1,98.4895
1417191190,b,1274,-5,46,s,2,-1,137.5653
1417191190,q,46,99.7147,64.4058
1417191190,b,1248,-6,46,r,5,-2,99.7147
1417191190,b,1275,-6,46,s,2,-2,116.4563
1417191190,b,1173,-5,50,r,5,-2,131.7993
1417191190,b,1276,-5,50,s,2,-2,144.2005
1417191190,q,46,116.4563,64.4058
1417191190,q,50,144.2005,58.0238
1417191190,b,1135,-1,50,r,5,1,57.3126
1417191190,b,1277,-1,50,s,2,1,59.1598
1417191190,q,50,144.2005,59.1598
1417191190,b,1229,-2,50,r,5,1,55.0641
1417191190,b,1278,-2,50,s,2,1,66.7580
1417191190,q,50,144.2005,66.7580
1417191190,b,1174,-5,56,r,5,-4,135.0931
1417191190,b,1279,-5,56,s,2,-4,152.6649
1417191190,q,56,136.2037,56.6822
1417191190,b,1220,-3,50,r,5,2,54.3911
1417191190,b,1280,-3,50,s,2,2,66.6458
1417191190,b,1182,-4,50,r,5,2,53.8995
1417191190,b,1281,-4,50,s,2,2,66.0078
1417191190,b,1276,-5,50,r,5,-2,144.2005
1417191190,b,1282,-5,50,s,2,-2,128.5702
1417191190,q,50,128.5702,66.7580
1417191190,b,1210,-7,50,r,5,2,58.0238
1417191190,b,1283,-7,50,s,2,2,60.9567
1417191190,b,1225,-3,56,r,5,-1,136.2037
1417191190,b,1284,-3,56,s,2,-1,103.1649
1417191190,q,56,103.1649,56.6822
1417191190,b,1279,-5,56,r,5,-4,152.6649
1417191190,b,1285,-5,56,s,2,-4,127.2753
1417191190,b,1213,-7,56,r,5,-1,145.3462
1417191190,b,1286,-7,56,s,2,-1,131.6933
1417191190,b,1287,-4,36,s,2,1,1000.0000
1417191190,t,-4,auction,36,1,281.0000,276
1417191190,b,1287,-4,36,t,4
1417191190,b,1288,-4,40,s,2,1,73.0000
1417191190,b,1178,-4,45,r,5,3,58.8078
1417191190,b,1289,-4,45,s,2,3,57.8719
1417191190,q,45,101.3899,58.2588
1417191190,b,1112,-1,45,r,5,-1,101.3899
1417191190,b,1290,-1,45,s,2,-1,158.1477
1417191190,q,45,114.0462,58.2588
1417191190,b,1216,-3,45,r,5,2,56.7632
1417191190,b,1291,-3,45,s,2,2,61.3035
1417191190,q,45,114.0462,61.3035
1417191190,b,1253,-4,47,r,5,-3,151.0820
1417191190,b,1292,-4,47,s,2,-3,146.0112
1417191190,b,1289,-4,45,r,5,3,57.8719
1417191190,b,1293,-4,45,s,2,3,65.2578
1417191190,q,45,114.0462,65.2578
1417191190,b,1269,-5,45,r,5,2,58.2588
1417191190,b,1294,-5,45,s,2,2,57.6318
1417191190,b,1184,-4,48,r,5,-1,132.5600
1417191190,b,1295,-4,48,s,2,-1,99.2496
1417191190,q,48,99.2496,58.7663
1417191190,b,1247,-6,45,r,5,3,56.7393
1417191190,b,1296,-6,45,s,2,3,58.7918
1417191190,b,1206,-7,45,r,5,1,53.6090
1417191190,b,1297,-7,45,s,2,1,65.6870
1417191190,b,1281,-4,50,r,5,2,66.0078
1417191190,b,1298,-4,50,s,2,2,57.3977
1417191190,q,45,114.0462,65.6870
1417191190,b,1219,-3,48,r,5,1,58.7663
1417191190,b,1299,-3,48,s,2,1,60.4383
1417191190,b,1300,-4,52,s,2,1,57.7515
1417191190,q,48,99.2496,60.4383
1417191190,b,1295,-4,48,r,5,-1,99.2496
1417191190,b,1301,-4,48,s,2,-1,91.5466
1417191190,q,48,91.5466,60.4383
1417191190,b,1236,-4,53,r,5,-4,122.4727
1417191190,b,1302,-4,53,s,2,-4,135.0988
1417191190,b,1209,-7,48,r,5,-2,155.1520
1417191190,b,1303,-7,48,s,2,-2,135.1034
1417191190,b,1291,-3,45,r,5,2,61.3035
1417191190,b,1304,-3,45,s,2,2,55.1660
1417191190,b,1272,-3,46,r,5,-1,152.2963
1417191190,b,1305,-3,46,s,2,-1,128.5677
1417191190,b,1251,-3,47,r,5,1,63.8747
1417191190,b,1306,-3,47,s,2,1,59.0225
1417191190,q,47,110.2991,62.8459
1417191190,b,1299,-3,48,r,5,1,60.4383
1417191190,b,1307,-3,48,s,2,1,56.9988
1417191190,q,48,91.5466,56.9988
1417191190,b,1280,-3,50,r,5,2,66.6458
1417191190,b,1308,-3,50,s,2,2,57.8063
1417191190,b,1264,-3,51,r,5,-3,116.1067
1417191190,b,1309,-3,51,s,2,-3,163.4681
1417191190,q,51,130.1100,66.2252
1417191190,b,1233,-3,52,r,5,-3,131.2546
1417191190,b,1310,-3,52,s,2,-3,118.8369
1417191190,q,52,118.8369,65.5437
1417191190,b,1300,-4,52,r,5,1,57.7515
1417191190,b,1311,-4,52,s,2,1,60.5543
1417191190,q,29,294.0000,0.0000
1417191190,b,1243,-3,55,r,5,1,63.2925
1417191190,b,1312,-3,55,s,2,1,56.4465
1417191190,q,30,279.0000,0.0000
1417191190,q,55,112.4671,59.5770
1417191190,q,31,350.0000,0.0000
1417191190,q,32,341.0000,0.0000
1417191190,q,33,391.0000,0.0000
1417191190,q,34,315.0000,0.0000
1417191190,q,35,363.0000,0.0000
1417191190,q,36,287.0000,0.0000
1417191190,b,1284,-3,56,r,5,-1,103.1649
1417191190,b,1313,-3,56,s,2,-1,134.2438
1417191190,q,56,127.2753,56.6822
1417191190,b,1314,-6,36,c,1,-1,147.8966
1417191190,b,1315,-1,30,s,2,1,1000.0000
1417191190,t,-1,auction,30,1,279.0000,277
1417191190,b,1315,-1,30,t,4
1417191190,b,934,-1,39,r,5,1,99.0000
1417191190,b,1316,-1,39,s,2,2,124.0000
1417191190,b,935,-1,40,r,5,1,88.0000
1417191190,b,1317,-1,40,s,2,2,102.0000
1417191190,b,1290,-1,45,r,5,-1,158.1477
1417191190,b,1318,-1,45,s,2,-1,122.4665
1417191190,b,1271,-1,46,r,5,1,64.4058
1417191190,b,1319,-1,46,s,2,1,62.7920
1417191190,q,46,116.4563,62.7920
1417191190,b,1250,-1,47,r,5,-2,110.2991
1417191190,b,1320,-1,47,s,2,-2,132.3744
1417191190,q,47,118.7527,62.8459
1417191190,b,1258,-1,49,r,5,-2,163.2861
1417191190,b,1321,-1,49,s,2,-2,128.2267
1417191190,b,1262,-1,51,r,5,1,58.3190
1417191190,b,1322,-1,51,s,2,1,61.0342
1417191190,b,1241,-1,55,r,5,-3,142.4526
1417191190,b,1323,-1,55,s,2,-4,112.9032
1417191190,b,1205,-7,40,r,5,1,87.0000
1417191190,b,1324,-7,40,s,2,2,99.0000
1417191190,b,1297,-7,45,r,5,1,65.6870
1417191190,b,1325,-7,45,s,2,1,61.2362
1417191190,q,45,114.0462,65.2578
1417191190,b,1256,-7,47,r,5,1,62.8459
1417191190,b,1326,-7,47,s,2,1,63.3351
1417191190,q,47,118.7527,63.3351
1417191190,b,1303,-7,48,r,5,-2,135.1034
1417191190,b,1327,-7,48,s,2,-2,121.4862
1417191190,b,1283,-7,50,r,5,2,60.9567
1417191190,b,1328,-7,50,s,2,2,58.6962
1417191190,b,1266,-7,51,r,5,-4,130.1100
1417191190,b,1329,-7,51,s,2,-4,90.9716
1417191190,q,51,90.9716,66.2252
1417191190,b,1245,-7,55,r,5,-2,112.4671
1417191190,b,1330,-7,55,s,2,-2,103.8816
1417191190,q,55,103.8816,59.5770
1417191190,b,1286,-7,56,r,5,-1,131.6933
1417191190,b,1331,-7,56,s,2,-2,146.7485
1417191200,q,29,302.0000,0.0000
1417191200,q,30,275.0000,0.0000
1417191200,q,31,349.0000,0.0000
1417191200,q,32,332.0000,0.0000
1417191200,q,33,381.0000,0.0000
1417191200,q,34,320.0000,0.0000
1417191200,q,35,368.0000,0.0000
1417191200,q,36,280.0000,0.0000
1417191210,q,29,307.0000,0.0000
1417191210,q,30,273.0000,0.0000
1417191210,q,31,343.0000,0.0000
1417191210,q,32,344.0000,0.0000
1417191210,q,33,380.0000,0.0000
1417191210,q,34,315.0000,0.0000
1417191210,q,35,368.0000,0.0000
1417191210,q,36,275.0000,0.0000
1417191220,q,29,310.0000,0.0000
1417191220,q,30,276.0000,0.0000
1417191220,q,31,338.0000,0.0000
1417191220,q,32,337.0000,0.0000
1417191220,q,33,381.0000,0.0000
1417191220,q,34,319.0000,0.0000
1417191220,q,35,361.0000,0.0000
1417191220,q,36,269.0000,0.0000
1417191220,b,1332,-6,36,c,1,-1,150.5718
1417191230,q,29,320.0000,0.0000
1417191230,q,30,281.0000,0.0000
1417191230,q,31,346.0000,0.0000
1417191230,q,32,337.0000,0.0000
1417191230,q,33,383.0000,0.0000
1417191230,q,34,319.0000,0.0000
1417191230,q,35,360.0000,0.0000
1417191230,q,36,268.0000,0.0000
1417191240,q,29,323.0000,0.0000
1417191240,q,30,276.0000,0.0000
1417191240,q,31,355.0000,0.0000
1417191240,q,32,338.0000,0.0000
1417191240,q,33,380.0000,0.0000
1417191240,q,34,325.0000,0.0000
1417191240,q,35,364.0000,0.0000
1417191240,q,36,266.0000,0.0000
1417191240,q,37,0.0000,0.0000,-1,2,-6,4,-5,1,-4,5,-2,1
1417191240,q,38,0.0000,0.0000,-1,2,-3,1,-7,1,-6,3,-5,2,-4,3,-2,1
1417191240,q,39,0.0000,0.0000,-5,1,-6,1,-7,1,-4,2,-2,2,-3,2,-1,2
1417191240,q,40,0.0000,0.0000,-6,1,-3,3,-2,3,-5,2,-4,1,-1,2,-7,2
1417191240,q,42,171.0000,170.0000,-3,3,-4,3,-5,0,-6,3,-7,3,-1,3,-2,1
1417191240,q,43,0.0000,0.0000,-1,1,-2,2,-3,2,-4,2,-5,1,-6,2,-7,1
1417191240,t,-1,auction,43,1,0.0000,278
1417191240,b,938,-1,43,t,4
1417191240,t,-2,auction,43,2,0.0000,279
1417191240,b,952,-2,43,t,4
1417191240,t,-3,auction,43,2,0.0000,280
1417191240,b,973,-3,43,t,4
1417191240,t,-4,auction,43,2,0.0000,281
1417191240,b,994,-4,43,t,4
1417191240,t,-5,auction,43,1,0.0000,282
1417191240,b,1014,-5,43,t,4
1417191240,t,-6,auction,43,2,0.0000,283
1417191240,b,1034,-6,43,t,4
1417191240,t,-7,auction,43,1,0.0000,284
1417191240,b,1056,-7,43,t,4
1417191240,q,43,0.0000,0.0000
1417191240,z,43
1417191250,b,1013,-5,42,r,5,2,170.0000
1417191250,b,1333,-5,42,s,2,2,213.0000
1417191250,b,1294,-5,45,r,5,2,57.6318
1417191250,b,1334,-5,45,s,2,2,62.3264
1417191250,b,1274,-5,46,r,5,-1,137.5653
1417191250,b,1335,-5,46,s,2,-1,115.3930
1417191250,q,46,115.3930,62.7920
1417191250,b,1319,-1,46,r,5,1,62.7920
1417191250,b,1336,-1,46,s,2,1,67.4209
1417191250,q,46,115.3930,67.4209
1417191250,b,1273,-5,49,r,5,-2,101.3617
1417191250,b,1337,-5,49,s,2,-2,101.3348
1417191250,b,1305,-3,46,r,5,-1,128.5677
1417191250,b,1338,-3,46,s,2,-1,97.9837
1417191250,q,46,97.9837,67.4209
1417191250,b,1335,-5,46,r,5,-1,115.3930
1417191250,b,1339,-5,46,s,2,-1,100.9558
1417191250,b,1282,-5,50,r,5,-2,128.5702
1417191250,b,1340,-5,50,s,2,-2,95.5693
1417191250,q,50,95.5693,66.7580
1417191250,b,1275,-6,46,r,5,-2,116.4563
1417191250,b,1341,-6,46,s,2,-2,122.1459
1417191250,b,1278,-2,50,r,5,1,66.7580
1417191250,b,1342,-2,50,s,2,1,73.3796
1417191250,b,1285,-5,56,r,5,-4,127.2753
1417191250,b,1343,-5,56,s,2,-4,87.9510
1417191250,q,50,95.5693,73.3796
1417191250,q,56,87.9510,56.6822
1417191250,b,1308,-3,50,r,5,2,57.8063
1417191250,b,1344,-3,50,s,2,2,71.7797
1417191250,b,1298,-4,50,r,5,2,57.3977
1417191250,b,1345,-4,50,s,2,2,73.1383
1417191250,b,1340,-5,50,r,5,-2,95.5693
1417191250,b,1346,-5,50,s,2,-2,141.0928
1417191250,q,50,141.0928,73.3796
1417191250,b,1328,-7,50,r,5,2,58.6962
1417191250,b,1347,-7,50,s,2,2,57.5463
1417191250,b,1313,-3,56,r,5,-1,134.2438
1417191250,b,1348,-3,56,s,2,-1,85.6169
1417191250,q,56,85.6169,56.6822
1417191250,b,1343,-5,56,r,5,-4,87.9510
1417191250,b,1349,-5,56,s,2,-4,86.6440
1417191250,b,1331,-7,56,r,5,-2,146.7485
1417191250,b,1350,-7,56,s,2,-2,135.0238
1417191250,b,1325,-7,45,r,5,1,61.2362
1417191250,b,1351,-7,45,s,2,1,65.0903
1417191250,b,1326,-7,47,r,5,1,63.3351
1417191250,b,1352,-7,47,s,2,1,73.9615
1417191250,q,47,118.7527,73.9615
1417191250,b,1320,-1,47,r,5,-2,132.3744
1417191250,b,1353,-1,47,s,2,-2,102.2509
1417191250,q,47,102.2509,73.9615
1417191250,b,1306,-3,47,r,5,1,59.0225
1417191250,b,1354,-3,47,s,2,1,61.8308
1417191250,b,1327,-7,48,r,5,-2,121.4862
1417191250,b,1355,-7,48,s,2,-2,88.5156
1417191250,q,48,88.5156,56.9988
1417191250,b,1292,-4,47,r,5,-3,146.0112
1417191250,b,1356,-4,47,s,2,-3,82.8105
1417191250,q,47,82.8105,73.9615
1417191250,b,1255,-6,47,r,5,1,62.1200
1417191250,b,1357,-6,47,s,2,1,73.0978
1417191250,b,1347,-7,50,r,5,2,57.5463
1417191250,b,1358,-7,50,s,2,2,70.5332
1417191250,b,1352,-7,47,r,5,1,73.9615
1417191250,b,1359,-7,47,s,2,1,72.9160
1417191250,q,47,82.8105,73.0978
1417191250,b,1307,-3,48,r,5,1,56.9988
1417191250,b,1360,-3,48,s,2,1,70.5117
1417191250,q,48,88.5156,70.5117
1417191250,b,1329,-7,51,r,5,-4,90.9716
1417191250,b,1361,-7,51,s,2,-4,146.9767
1417191250,q,51,146.9767,66.2252
1417191250,b,1301,-4,48,r,5,-1,91.5466
1417191250,b,1362,-4,48,s,2,-1,129.4677
1417191250,b,1355,-7,48,r,5,-2,88.5156
1417191250,b,1363,-7,48,s,2,-2,93.0182
1417191250,q,48,93.0182,70.5117
1417191250,b,1330,-7,55,r,5,-2,103.8816
1417191250,b,1364,-7,55,s,2,-2,135.9836
1417191250,q,55,112.9032,59.5770
1417191250,b,1322,-1,51,r,5,1,61.0342
1417191250,b,1365,-1,51,s,2,1,66.0664
1417191250,b,1309,-3,51,r,5,-3,163.4681
1417191250,b,1366,-3,51,s,2,-3,134.1073
1417191250,q,51,134.1073,66.2252
1417191250,b,1350,-7,56,r,5,-2,135.0238
1417191250,b,1367,-7,56,s,2,-2,84.4058
1417191250,q,56,84.4058,56.6822
1417191250,b,1265,-6,51,r,5,1,66.2252
1417191250,b,1368,-6,51,s,2,1,67.6133
1417191250,q,51,134.1073,67.6133
1417191250,b,1361,-7,51,r,5,-4,146.9767
1417191250,b,1369,-7,51,s,2,-4,143.7061
1417191250,b,1323,-1,55,r,5,-4,112.9032
1417191250,b,1370,-1,55,s,2,-4,128.7498
1417191250,q,55,128.7498,59.5770
1417191250,b,1242,-2,55,r,